<?xml version="1.0" encoding="UTF-8"?>
<!-- Generated by org.testng.reporters.JUnitReportReporter -->
<testsuite hostname="LAPTOP-M5TUGDDQ" name="testNG.BasicAnnotationsinTestNG" tests="2" failures="0" timestamp="11 Apr 2019 21:43:17 GMT" time="0.018" errors="0">
  <testcase name="test5" time="0.009" classname="testNG.BasicAnnotationsinTestNG"/>
  <testcase name="test4" time="0.009" classname="testNG.BasicAnnotationsinTestNG"/>
</testsuite> <!-- testNG.BasicAnnotationsinTestNG -->
