<?xml version="1.0" encoding="UTF-8"?>
<!-- Generated by org.testng.reporters.JUnitReportReporter -->
<testsuite hostname="LAPTOP-M5TUGDDQ" name="extentReport.ExtenrReport" tests="2" failures="0" timestamp="11 Apr 2019 21:14:47 GMT" time="0.039" errors="0">
  <testcase name="test1" time="0.012" classname="extentReport.ExtenrReport"/>
  <testcase name="test2" time="0.027" classname="extentReport.ExtenrReport"/>
</testsuite> <!-- extentReport.ExtenrReport -->
