<?xml version="1.0" encoding="UTF-8"?>
<!-- Generated by org.testng.reporters.JUnitReportReporter -->
<testsuite hostname="LAPTOP-M5TUGDDQ" name="logging.LoggerTest" tests="1" failures="0" timestamp="11 Apr 2019 17:40:26 GMT" time="0.015" errors="0">
  <testcase name="testLogger" time="0.015" classname="logging.LoggerTest"/>
</testsuite> <!-- logging.LoggerTest -->
